1625239619383	geckodriver	INFO	Listening on 127.0.0.1:63575
1625239622450	mozrunner::runner	INFO	Running command: "C:/Program Files/Mozilla Firefox/firefox.exe" "--marionette" "-foreground" "-no-remote" "-profile" "C:\\Users\\dougl\\AppData\\Local\\Temp\\rust_mozprofilelnT3sX"
1625239626564	Marionette	INFO	Marionette enabled
console.warn: SearchSettings: "get: No settings file exists, new profile?" (new NotFoundError("Could not open the file at C:\\Users\\dougl\\AppData\\Local\\Temp\\rust_mozprofilelnT3sX\\search.json.mozlz4", (void 0)))
1625239632327	Marionette	INFO	Listening on port 63583
1625239633360	Marionette	WARN	TLS certificate errors will be ignored for this session
JavaScript warning: https://web.whatsapp.com/bootstrap_qr.e002978cf4688a3eaf75.js, line 19: unreachable code after return statement
JavaScript warning: https://web.whatsapp.com/bootstrap_qr.e002978cf4688a3eaf75.js, line 19: unreachable code after return statement
console.log: WebExtensions: reset-default-search: starting.
console.log: WebExtensions: reset-default-search: No addons in our list are installed.
JavaScript error: resource://gre/modules/Sqlite.jsm, line 1030: Error: Sqlite.jsm has been shutdown. Cannot open connection to: C:\Users\dougl\AppData\Local\Temp\rust_mozprofilelnT3sX\protections.sqlite
1625246707992	Marionette	INFO	Stopped listening on port 63583
ilebRUBrD"
1625240301239	Marionette	INFO	Marionette enabled
console.warn: SearchSettings: "get: No settings file exists, new profile?" (new NotFoundError("Could not open the file at C:\\Users\\dougl\\AppData\\Local\\Temp\\rust_mozprofilebRUBrD\\search.json.mozlz4", (void 0)))
1625240303541	Marionette	INFO	Listening on port 52907
1625240303974	Marionette	WARN	TLS certificate errors will be ignored for this session
JavaScript warning: https://web.whatsapp.com/bootstrap_qr.e002978cf4688a3eaf75.js, line 19: unreachable code after return statement
JavaScript warning: https://web.whatsapp.com/bootstrap_qr.e002978cf4688a3eaf75.js, line 19: unreachable code after return statement
[Parent 21480, IPC I/O Parent] WARNING: pipe error: 232: file /builds/worker/checkouts/gecko/ipc/chromium/src/chrome/common/ipc_channel_win.cc:544
console.log: WebExtensions: reset-default-search: starting.
console.log: WebExtensions: reset-default-search: No addons in our list are installed.
1625246706091	Marionette	INFO	Stopped listening on port 52907
5246358543	mozrunner::runner	INFO	Running command: "C:/Program Files/Mozilla Firefox/firefox.exe" "--marionette" "-foreground" "-no-remote" "-profile" "C:\\Users\\dougl\\AppData\\Local\\Temp\\rust_mozprofileAt8C41"
1625246359059	Marionette	INFO	Marionette enabled
console.warn: SearchSettings: "get: No settings file exists, new profile?" (new NotFoundError("Could not open the file at C:\\Users\\dougl\\AppData\\Local\\Temp\\rust_mozprofileAt8C41\\search.json.mozlz4", (void 0)))
1625246361271	Marionette	INFO	Listening on port 49394
1625246361701	Marionette	WARN	TLS certificate errors will be ignored for this session
1625246709596	Marionette	INFO	Stopped listening on port 49394

###!!! [Child][RunMessage] Error: Channel closing: too late to send/recv, messages will be lost

marionette" "-foreground" "-no-remote" "-profile" "C:\\Users\\dougl\\AppData\\Local\\Temp\\rust_mozprofilednEw0D"
1625246547595	Marionette	INFO	Marionette enabled
console.warn: SearchSettings: "get: No settings file exists, new profile?" (new NotFoundError("Could not open the file at C:\\Users\\dougl\\AppData\\Local\\Temp\\rust_mozprofilednEw0D\\search.json.mozlz4", (void 0)))
1625246550037	Marionette	INFO	Listening on port 63522
1625246550355	Marionette	WARN	TLS certificate errors will be ignored for this session
1625246710715	Marionette	INFO	Stopped listening on port 63522
1625246733844	geckodriver	INFO	Listening on 127.0.0.1:61403
1625246736907	mozrunner::runner	INFO	Running command: "C:/Program Files/Mozilla Firefox/firefox.exe" "--marionette" "-foreground" "-no-remote" "-profile" "C:\\Users\\dougl\\AppData\\Local\\Temp\\rust_mozprofilecTIhSc"
1625246737420	Marionette	INFO	Marionette enabled
console.warn: SearchSettings: "get: No settings file exists, new profile?" (new NotFoundError("Could not open the file at C:\\Users\\dougl\\AppData\\Local\\Temp\\rust_mozprofilecTIhSc\\search.json.mozlz4", (void 0)))
1625246740214	Marionette	INFO	Listening on port 61411
1625246740581	Marionette	WARN	TLS certificate errors will be ignored for this session
1625246784586	Marionette	INFO	Stopped listening on port 61411
1625246791467	geckodriver	INFO	Listening on 127.0.0.1:55684
1625246794527	mozrunner::runner	INFO	Running command: "C:/Program Files/Mozilla Firefox/firefox.exe" "--marionette" "-foreground" "-no-remote" "-profile" "C:\\Users\\dougl\\AppData\\Local\\Temp\\rust_mozprofilebWPW29"
1625246795010	Marionette	INFO	Marionette enabled
console.warn: SearchSettings: "get: No settings file exists, new profile?" (new NotFoundError("Could not open the file at C:\\Users\\dougl\\AppData\\Local\\Temp\\rust_mozprofilebWPW29\\search.json.mozlz4", (void 0)))
1625246797618	Marionette	INFO	Listening on port 55692
1625246797723	Marionette	WARN	TLS certificate errors will be ignored for this session
1625246966652	Marionette	INFO	Stopped listening on port 55692
5246914753	mozrunner::runner	INFO	Running command: "C:/Program Files/Mozilla Firefox/firefox.exe" "--marionette" "-foreground" "-no-remote" "-profile" "C:\\Users\\dougl\\AppData\\Local\\Temp\\rust_mozprofileQDB7YH"
1625246915221	Marionette	INFO	Marionette enabled
console.warn: SearchSettings: "get: No settings file exists, new profile?" (new NotFoundError("Could not open the file at C:\\Users\\dougl\\AppData\\Local\\Temp\\rust_mozprofileQDB7YH\\search.json.mozlz4", (void 0)))
1625246917656	Marionette	INFO	Listening on port 55650
1625246917923	Marionette	WARN	TLS certificate errors will be ignored for this session
JavaScript warning: https://web.whatsapp.com/bootstrap_qr.e002978cf4688a3eaf75.js, line 19: unreachable code after return statement
JavaScript warning: https://web.whatsapp.com/bootstrap_qr.e002978cf4688a3eaf75.js, line 19: unreachable code after return statement
JavaScript error: resource://gre/modules/Sqlite.jsm, line 1030: Error: Sqlite.jsm has been shutdown. Cannot open connection to: C:\Users\dougl\AppData\Local\Temp\rust_mozprofileQDB7YH\protections.sqlite
1625246949397	Marionette	INFO	Stopped listening on port 55650
1625246975170	geckodriver	INFO	Listening on 127.0.0.1:57729
1625246978237	mozrunner::runner	INFO	Running command: "C:/Program Files/Mozilla Firefox/firefox.exe" "--marionette" "-foreground" "-no-remote" "-profile" "C:\\Users\\dougl\\AppData\\Local\\Temp\\rust_mozprofileUgAIeL"
1625246978709	Marionette	INFO	Marionette enabled
console.warn: SearchSettings: "get: No settings file exists, new profile?" (new NotFoundError("Could not open the file at C:\\Users\\dougl\\AppData\\Local\\Temp\\rust_mozprofileUgAIeL\\search.json.mozlz4", (void 0)))
1625246981376	Marionette	INFO	Listening on port 57737
1625246981903	Marionette	WARN	TLS certificate errors will be ignored for this session
JavaScript warning: https://web.whatsapp.com/bootstrap_qr.e002978cf4688a3eaf75.js, line 19: unreachable code after return statement
JavaScript warning: https://web.whatsapp.com/bootstrap_qr.e002978cf4688a3eaf75.js, line 19: unreachable code after return statement
1625247164115	Marionette	INFO	Stopped listening on port 57737
1625247169346	geckodriver	INFO	Listening on 127.0.0.1:59516
1625247172424	mozrunner::runner	INFO	Running command: "C:/Program Files/Mozilla Firefox/firefox.exe" "--marionette" "-foreground" "-no-remote" "-profile" "C:\\Users\\dougl\\AppData\\Local\\Temp\\rust_mozprofileZBuLyx"
1625247172877	Marionette	INFO	Marionette enabled
console.warn: SearchSettings: "get: No settings file exists, new profile?" (new NotFoundError("Could not open the file at C:\\Users\\dougl\\AppData\\Local\\Temp\\rust_mozprofileZBuLyx\\search.json.mozlz4", (void 0)))
1625247175275	Marionette	INFO	Listening on port 59524
1625247175589	Marionette	WARN	TLS certificate errors will be ignored for this session
JavaScript warning: https://web.whatsapp.com/bootstrap_qr.e002978cf4688a3eaf75.js, line 19: unreachable code after return statement
JavaScript warning: https://web.whatsapp.com/bootstrap_qr.e002978cf4688a3eaf75.js, line 19: unreachable code after return statement
1625247256726	Marionette	INFO	Stopped listening on port 59524
1625247258310	geckodriver	INFO	Listening on 127.0.0.1:59580
1625247261366	mozrunner::runner	INFO	Running command: "C:/Program Files/Mozilla Firefox/firefox.exe" "--marionette" "-foreground" "-no-remote" "-profile" "C:\\Users\\dougl\\AppData\\Local\\Temp\\rust_mozprofile1Mv62l"
1625247261792	Marionette	INFO	Marionette enabled
console.warn: SearchSettings: "get: No settings file exists, new profile?" (new NotFoundError("Could not open the file at C:\\Users\\dougl\\AppData\\Local\\Temp\\rust_mozprofile1Mv62l\\search.json.mozlz4", (void 0)))
1625247264404	Marionette	INFO	Listening on port 59589
1625247264528	Marionette	WARN	TLS certificate errors will be ignored for this session
JavaScript warning: https://web.whatsapp.com/bootstrap_qr.e002978cf4688a3eaf75.js, line 19: unreachable code after return statement
JavaScript warning: https://web.whatsapp.com/bootstrap_qr.e002978cf4688a3eaf75.js, line 19: unreachable code after return statement
1625247299127	Marionette	INFO	Stopped listening on port 59589
1625247302832	geckodriver	INFO	Listening on 127.0.0.1:59065
1625247305917	mozrunner::runner	INFO	Running command: "C:/Program Files/Mozilla Firefox/firefox.exe" "--marionette" "-foreground" "-no-remote" "-profile" "C:\\Users\\dougl\\AppData\\Local\\Temp\\rust_mozprofile63Gqnp"
1625247306378	Marionette	INFO	Marionette enabled
console.warn: SearchSettings: "get: No settings file exists, new profile?" (new NotFoundError("Could not open the file at C:\\Users\\dougl\\AppData\\Local\\Temp\\rust_mozprofile63Gqnp\\search.json.mozlz4", (void 0)))
1625247309392	Marionette	INFO	Listening on port 59073
1625247309590	Marionette	WARN	TLS certificate errors will be ignored for this session
JavaScript warning: https://web.whatsapp.com/bootstrap_qr.e002978cf4688a3eaf75.js, line 19: unreachable code after return statement
JavaScript warning: https://web.whatsapp.com/bootstrap_qr.e002978cf4688a3eaf75.js, line 19: unreachable code after return statement
JavaScript error: resource://gre/modules/AsyncShutdown.jsm, line 718: Error: Phase "Sqlite.jsm: wait until all connections are closed" is finished, it is too late to register completion condition "protections.sqlite#0: waiting for shutdown"
1625247478353	Marionette	INFO	Stopped listening on port 59073

###!!! [Child][RunMessage] Error: Channel closing: too late to send/recv, messages will be lost

1625247481420	geckodriver	INFO	Listening on 127.0.0.1:58449
1625247484464	mozrunner::runner	INFO	Running command: "C:/Program Files/Mozilla Firefox/firefox.exe" "--marionette" "-foreground" "-no-remote" "-profile" "C:\\Users\\dougl\\AppData\\Local\\Temp\\rust_mozprofilelG4qNC"
1625247484909	Marionette	INFO	Marionette enabled
console.warn: SearchSettings: "get: No settings file exists, new profile?" (new NotFoundError("Could not open the file at C:\\Users\\dougl\\AppData\\Local\\Temp\\rust_mozprofilelG4qNC\\search.json.mozlz4", (void 0)))
1625247487468	Marionette	INFO	Listening on port 58457
1625247487631	Marionette	WARN	TLS certificate errors will be ignored for this session
JavaScript warning: https://web.whatsapp.com/bootstrap_qr.e002978cf4688a3eaf75.js, line 19: unreachable code after return statement
JavaScript warning: https://web.whatsapp.com/bootstrap_qr.e002978cf4688a3eaf75.js, line 19: unreachable code after return statement

###!!! [Parent][RunMessage] Error: Channel closing: too late to send/recv, messages will be lost


###!!! [Parent][RunMessage] Error: Channel closing: too late to send/recv, messages will be lost


###!!! [Parent][RunMessage] Error: Channel closing: too late to send/recv, messages will be lost


###!!! [Parent][RunMessage] Error: Channel closing: too late to send/recv, messages will be lost


###!!! [Parent][RunMessage] Error: Channel closing: too late to send/recv, messages will be lost


###!!! [Parent][RunMessage] Error: Channel closing: too late to send/recv, messages will be lost


###!!! [Parent][RunMessage] Error: Channel closing: too late to send/recv, messages will be lost


###!!! [Parent][RunMessage] Error: Channel closing: too late to send/recv, messages will be lost


###!!! [Parent][RunMessage] Error: Channel closing: too late to send/recv, messages will be lost

1625247673593	Marionette	INFO	Stopped listening on port 58457
1625247734915	geckodriver	INFO	Listening on 127.0.0.1:61191
1625247737959	mozrunner::runner	INFO	Running command: "C:/Program Files/Mozilla Firefox/firefox.exe" "--marionette" "-foreground" "-no-remote" "-profile" "C:\\Users\\dougl\\AppData\\Local\\Temp\\rust_mozprofileni3ugX"
1625247738556	Marionette	INFO	Marionette enabled
console.warn: SearchSettings: "get: No settings file exists, new profile?" (new NotFoundError("Could not open the file at C:\\Users\\dougl\\AppData\\Local\\Temp\\rust_mozprofileni3ugX\\search.json.mozlz4", (void 0)))
1625247741351	Marionette	INFO	Listening on port 61199
1625247741628	Marionette	WARN	TLS certificate errors will be ignored for this session
JavaScript warning: https://web.whatsapp.com/bootstrap_qr.e002978cf4688a3eaf75.js, line 19: unreachable code after return statement
JavaScript warning: https://web.whatsapp.com/bootstrap_qr.e002978cf4688a3eaf75.js, line 19: unreachable code after return statement
JavaScript error: resource://gre/modules/Sqlite.jsm, line 1030: Error: Sqlite.jsm has been shutdown. Cannot open connection to: C:\Users\dougl\AppData\Local\Temp\rust_mozprofileni3ugX\protections.sqlite
1625247748804	Marionette	INFO	Stopped listening on port 61199
1625247844437	geckodriver	INFO	Listening on 127.0.0.1:56201
1625247847469	mozrunner::runner	INFO	Running command: "C:/Program Files/Mozilla Firefox/firefox.exe" "--marionette" "-foreground" "-no-remote" "-profile" "C:\\Users\\dougl\\AppData\\Local\\Temp\\rust_mozprofileBNPH7L"
1625247847935	Marionette	INFO	Marionette enabled
console.warn: SearchSettings: "get: No settings file exists, new profile?" (new NotFoundError("Could not open the file at C:\\Users\\dougl\\AppData\\Local\\Temp\\rust_mozprofileBNPH7L\\search.json.mozlz4", (void 0)))
1625247850526	Marionette	INFO	Listening on port 56209
1625247850626	Marionette	WARN	TLS certificate errors will be ignored for this session
JavaScript warning: https://web.whatsapp.com/bootstrap_qr.e002978cf4688a3eaf75.js, line 19: unreachable code after return statement
JavaScript warning: https://web.whatsapp.com/bootstrap_qr.e002978cf4688a3eaf75.js, line 19: unreachable code after return statement

###!!! [Parent][RunMessage] Error: Channel closing: too late to send/recv, messages will be lost


###!!! [Parent][RunMessage] Error: Channel closing: too late to send/recv, messages will be lost

[Parent 3244, IPC I/O Parent] WARNING: pipe error: 232: file /builds/worker/checkouts/gecko/ipc/chromium/src/chrome/common/ipc_channel_win.cc:544

###!!! [Parent][RunMessage] Error: Channel closing: too late to send/recv, messages will be lost


###!!! [Parent][RunMessage] Error: Channel closing: too late to send/recv, messages will be lost


###!!! [Parent][RunMessage] Error: Channel closing: too late to send/recv, messages will be lost


###!!! [Parent][RunMessage] Error: Channel closing: too late to send/recv, messages will be lost


###!!! [Parent][RunMessage] Error: Channel closing: too late to send/recv, messages will be lost


###!!! [Parent][RunMessage] Error: Channel closing: too late to send/recv, messages will be lost


###!!! [Parent][RunMessage] Error: Channel closing: too late to send/recv, messages will be lost


###!!! [Parent][RunMessage] Error: Channel closing: too late to send/recv, messages will be lost


###!!! [Parent][RunMessage] Error: Channel closing: too late to send/recv, messages will be lost

1625248272526	Marionette	INFO	Stopped listening on port 56209

###!!! [Child][RunMessage] Error: Channel closing: too late to send/recv, messages will be lost

marionette" "-foreground" "-no-remote" "-profile" "C:\\Users\\dougl\\AppData\\Local\\Temp\\rust_mozprofileRgwhUY"
1625248035684	Marionette	INFO	Marionette enabled
console.warn: SearchSettings: "get: No settings file exists, new profile?" (new NotFoundError("Could not open the file at C:\\Users\\dougl\\AppData\\Local\\Temp\\rust_mozprofileRgwhUY\\search.json.mozlz4", (void 0)))
1625248038293	Marionette	INFO	Listening on port 53523
1625248038519	Marionette	WARN	TLS certificate errors will be ignored for this session
JavaScript warning: https://web.whatsapp.com/bootstrap_qr.e002978cf4688a3eaf75.js, line 19: unreachable code after return statement
JavaScript warning: https://web.whatsapp.com/bootstrap_qr.e002978cf4688a3eaf75.js, line 19: unreachable code after return statement

###!!! [Parent][MessageChannel] Error: (msgtype=0x680008,name=PMessagePort::Msg___delete__) Channel closing: too late to send/recv, messages will be lost


###!!! [Parent][RunMessage] Error: Channel closing: too late to send/recv, messages will be lost


###!!! [Parent][RunMessage] Error: Channel closing: too late to send/recv, messages will be lost


###!!! [Parent][RunMessage] Error: Channel closing: too late to send/recv, messages will be lost


###!!! [Parent][RunMessage] Error: Channel closing: too late to send/recv, messages will be lost


###!!! [Parent][RunMessage] Error: Channel closing: too late to send/recv, messages will be lost


###!!! [Parent][RunMessage] Error: Channel closing: too late to send/recv, messages will be lost


###!!! [Parent][RunMessage] Error: Channel closing: too late to send/recv, messages will be lost


###!!! [Parent][RunMessage] Error: Channel closing: too late to send/recv, messages will be lost


###!!! [Parent][RunMessage] Error: Channel closing: too late to send/recv, messages will be lost


###!!! [Parent][RunMessage] Error: Channel closing: too late to send/recv, messages will be lost


###!!! [Parent][RunMessage] Error: Channel closing: too late to send/recv, messages will be lost


###!!! [Parent][RunMessage] Error: Channel closing: too late to send/recv, messages will be lost


###!!! [Parent][RunMessage] Error: Channel closing: too late to send/recv, messages will be lost

JavaScript error: resource://gre/modules/Sqlite.jsm, line 1030: Error: Sqlite.jsm has been shutdown. Cannot open connection to: C:\Users\dougl\AppData\Local\Temp\rust_mozprofileRgwhUY\protections.sqlite
1625248273638	Marionette	INFO	Stopped listening on port 53523
ile7ne1Lq"
1625248252466	Marionette	INFO	Marionette enabled
console.warn: SearchSettings: "get: No settings file exists, new profile?" (new NotFoundError("Could not open the file at C:\\Users\\dougl\\AppData\\Local\\Temp\\rust_mozprofile7ne1Lq\\search.json.mozlz4", (void 0)))
1625248255002	Marionette	INFO	Listening on port 61076
1625248255468	Marionette	WARN	TLS certificate errors will be ignored for this session
JavaScript warning: https://web.whatsapp.com/bootstrap_qr.e002978cf4688a3eaf75.js, line 19: unreachable code after return statement
JavaScript warning: https://web.whatsapp.com/bootstrap_qr.e002978cf4688a3eaf75.js, line 19: unreachable code after return statement
JavaScript error: resource://gre/modules/Sqlite.jsm, line 1030: Error: Sqlite.jsm has been shutdown. Cannot open connection to: C:\Users\dougl\AppData\Local\Temp\rust_mozprofile7ne1Lq\protections.sqlite
1625248275267	Marionette	INFO	Stopped listening on port 61076

###!!! [Child][RunMessage] Error: Channel closing: too late to send/recv, messages will be lost

1625248327440	geckodriver	INFO	Listening on 127.0.0.1:64730
1625248330519	mozrunner::runner	INFO	Running command: "C:/Program Files/Mozilla Firefox/firefox.exe" "--marionette" "-foreground" "-no-remote" "-profile" "C:\\Users\\dougl\\AppData\\Local\\Temp\\rust_mozprofiletsRJmK"
1625248331521	Marionette	INFO	Marionette enabled
console.warn: SearchSettings: "get: No settings file exists, new profile?" (new NotFoundError("Could not open the file at C:\\Users\\dougl\\AppData\\Local\\Temp\\rust_mozprofiletsRJmK\\search.json.mozlz4", (void 0)))
1625248334583	Marionette	INFO	Listening on port 64739
1625248334704	Marionette	WARN	TLS certificate errors will be ignored for this session
1625248527627	Marionette	INFO	Stopped listening on port 64739
5248338860	geckodriver	INFO	Listening on 127.0.0.1:64787
1625248377810	geckodriver	INFO	Listening on 127.0.0.1:56811
1625248380848	mozrunner::runner	INFO	Running command: "C:/Program Files/Mozilla Firefox/firefox.exe" "--marionette" "-foreground" "-no-remote" "-profile" "C:\\Users\\dougl\\AppData\\Local\\Temp\\rust_mozprofileyZ41uZ"
1625248381965	Marionette	INFO	Marionette enabled
console.warn: SearchSettings: "get: No settings file exists, new profile?" (new NotFoundError("Could not open the file at C:\\Users\\dougl\\AppData\\Local\\Temp\\rust_mozprofileyZ41uZ\\search.json.mozlz4", (void 0)))
1625248384186	Marionette	INFO	Listening on port 56819
1625248384555	Marionette	WARN	TLS certificate errors will be ignored for this session
JavaScript warning: https://web.whatsapp.com/bootstrap_qr.e002978cf4688a3eaf75.js, line 19: unreachable code after return statement
JavaScript warning: https://web.whatsapp.com/bootstrap_qr.e002978cf4688a3eaf75.js, line 19: unreachable code after return statement
1625248389652	Marionette	INFO	Stopped listening on port 56819
1625502668302	geckodriver	INFO	Listening on 127.0.0.1:52355
1625502672280	mozrunner::runner	INFO	Running command: "C:/Program Files/Mozilla Firefox/firefox.exe" "--marionette" "-foreground" "-no-remote" "-profile" "C:\\Users\\dougl\\AppData\\Local\\Temp\\rust_mozprofileFV6ZmE"
1625502676397	Marionette	INFO	Marionette enabled
console.warn: SearchSettings: "get: No settings file exists, new profile?" (new NotFoundError("Could not open the file at C:\\Users\\dougl\\AppData\\Local\\Temp\\rust_mozprofileFV6ZmE\\search.json.mozlz4", (void 0)))
1625502686518	Marionette	INFO	Listening on port 62310
[Parent 31508, IPC I/O Parent] WARNING: file /builds/worker/checkouts/gecko/ipc/chromium/src/base/process_util_win.cc:167
1625502686949	Marionette	WARN	TLS certificate errors will be ignored for this session
JavaScript warning: https://web.whatsapp.com/bootstrap_qr.e002978cf4688a3eaf75.js, line 19: unreachable code after return statement
JavaScript warning: https://web.whatsapp.com/bootstrap_qr.e002978cf4688a3eaf75.js, line 19: unreachable code after return statement

###!!! [Parent][RunMessage] Error: Channel closing: too late to send/recv, messages will be lost


###!!! [Parent][RunMessage] Error: Channel closing: too late to send/recv, messages will be lost


###!!! [Parent][RunMessage] Error: Channel closing: too late to send/recv, messages will be lost


###!!! [Parent][RunMessage] Error: Channel closing: too late to send/recv, messages will be lost


###!!! [Parent][RunMessage] Error: Channel closing: too late to send/recv, messages will be lost


###!!! [Parent][RunMessage] Error: Channel closing: too late to send/recv, messages will be lost


###!!! [Parent][RunMessage] Error: Channel closing: too late to send/recv, messages will be lost

1625503129337	Marionette	INFO	Stopped listening on port 62310

###!!! [Child][RunMessage] Error: Channel closing: too late to send/recv, messages will be lost

marionette" "-foreground" "-no-remote" "-profile" "C:\\Users\\dougl\\AppData\\Local\\Temp\\rust_mozprofileJVhDJ2"
1625503031350	Marionette	INFO	Marionette enabled
console.warn: SearchSettings: "get: No settings file exists, new profile?" (new NotFoundError("Could not open the file at C:\\Users\\dougl\\AppData\\Local\\Temp\\rust_mozprofileJVhDJ2\\search.json.mozlz4", (void 0)))
1625503034215	Marionette	INFO	Listening on port 58373
1625503034369	Marionette	WARN	TLS certificate errors will be ignored for this session
JavaScript warning: https://web.whatsapp.com/bootstrap_qr.e002978cf4688a3eaf75.js, line 19: unreachable code after return statement
JavaScript warning: https://web.whatsapp.com/bootstrap_qr.e002978cf4688a3eaf75.js, line 19: unreachable code after return statement

###!!! [Parent][RunMessage] Error: Channel closing: too late to send/recv, messages will be lost


###!!! [Parent][RunMessage] Error: Channel closing: too late to send/recv, messages will be lost


###!!! [Parent][RunMessage] Error: Channel closing: too late to send/recv, messages will be lost


###!!! [Parent][RunMessage] Error: Channel closing: too late to send/recv, messages will be lost


###!!! [Parent][RunMessage] Error: Channel closing: too late to send/recv, messages will be lost


###!!! [Parent][RunMessage] Error: Channel closing: too late to send/recv, messages will be lost


###!!! [Parent][RunMessage] Error: Channel closing: too late to send/recv, messages will be lost

JavaScript error: resource://gre/modules/Sqlite.jsm, line 1030: Error: Sqlite.jsm has been shutdown. Cannot open connection to: C:\Users\dougl\AppData\Local\Temp\rust_mozprofileJVhDJ2\protections.sqlite
1625503129855	Marionette	INFO	Stopped listening on port 58373
1625503131910	geckodriver	INFO	Listening on 127.0.0.1:58444
1625503134974	mozrunner::runner	INFO	Running command: "C:/Program Files/Mozilla Firefox/firefox.exe" "--marionette" "-foreground" "-no-remote" "-profile" "C:\\Users\\dougl\\AppData\\Local\\Temp\\rust_mozprofilefaQpxG"
1625503135450	Marionette	INFO	Marionette enabled
console.warn: SearchSettings: "get: No settings file exists, new profile?" (new NotFoundError("Could not open the file at C:\\Users\\dougl\\AppData\\Local\\Temp\\rust_mozprofilefaQpxG\\search.json.mozlz4", (void 0)))
1625503138033	Marionette	INFO	Listening on port 58452
1625503138138	Marionette	WARN	TLS certificate errors will be ignored for this session
JavaScript warning: https://web.whatsapp.com/bootstrap_qr.e002978cf4688a3eaf75.js, line 19: unreachable code after return statement
JavaScript warning: https://web.whatsapp.com/bootstrap_qr.e002978cf4688a3eaf75.js, line 19: unreachable code after return statement
console.log: WebExtensions: reset-default-search: starting.
console.log: WebExtensions: reset-default-search: No addons in our list are installed.
[Parent 32956, IPC I/O Parent] WARNING: file /builds/worker/checkouts/gecko/ipc/chromium/src/base/process_util_win.cc:167
1625511705378	Marionette	INFO	Stopped listening on port 58452
nd" "-no-remote" "-profile" "C:\\Users\\dougl\\AppData\\Local\\Temp\\rust_mozprofile5byqiV"
1625503980186	Marionette	INFO	Marionette enabled
console.warn: SearchSettings: "get: No settings file exists, new profile?" (new NotFoundError("Could not open the file at C:\\Users\\dougl\\AppData\\Local\\Temp\\rust_mozprofile5byqiV\\search.json.mozlz4", (void 0)))
1625503982633	Marionette	INFO	Listening on port 59658
1625503982899	Marionette	WARN	TLS certificate errors will be ignored for this session
JavaScript warning: https://web.whatsapp.com/bootstrap_qr.e002978cf4688a3eaf75.js, line 19: unreachable code after return statement
JavaScript warning: https://web.whatsapp.com/bootstrap_qr.e002978cf4688a3eaf75.js, line 19: unreachable code after return statement
console.log: WebExtensions: reset-default-search: starting.
console.log: WebExtensions: reset-default-search: No addons in our list are installed.
1625511706872	Marionette	INFO	Stopped listening on port 59658

###!!! [Child][RunMessage] Error: Channel closing: too late to send/recv, messages will be lost

nette enabled
console.warn: SearchSettings: "get: No settings file exists, new profile?" (new NotFoundError("Could not open the file at C:\\Users\\dougl\\AppData\\Local\\Temp\\rust_mozprofileu0Vlft\\search.json.mozlz4", (void 0)))
1625504219870	Marionette	INFO	Listening on port 61100
1625504220238	Marionette	WARN	TLS certificate errors will be ignored for this session
JavaScript warning: https://web.whatsapp.com/bootstrap_qr.e002978cf4688a3eaf75.js, line 19: unreachable code after return statement
JavaScript warning: https://web.whatsapp.com/bootstrap_qr.e002978cf4688a3eaf75.js, line 19: unreachable code after return statement
console.log: WebExtensions: reset-default-search: starting.
console.log: WebExtensions: reset-default-search: No addons in our list are installed.
JavaScript error: resource://gre/modules/AsyncShutdown.jsm, line 718: Error: Phase "Sqlite.jsm: wait until all connections are closed" is finished, it is too late to register completion condition "protections.sqlite#0: waiting for shutdown"
1625511708656	Marionette	INFO	Stopped listening on port 61100

###!!! [Child][RunMessage] Error: Channel closing: too late to send/recv, messages will be lost

4889	Marionette	INFO	Listening on port 51780
1625504395025	Marionette	WARN	TLS certificate errors will be ignored for this session
JavaScript warning: https://web.whatsapp.com/bootstrap_qr.e002978cf4688a3eaf75.js, line 19: unreachable code after return statement
JavaScript warning: https://web.whatsapp.com/bootstrap_qr.e002978cf4688a3eaf75.js, line 19: unreachable code after return statement
console.log: WebExtensions: reset-default-search: starting.
console.log: WebExtensions: reset-default-search: No addons in our list are installed.
1625511710056	Marionette	INFO	Stopped listening on port 51780
1625511713222	geckodriver	INFO	Listening on 127.0.0.1:57644
1625511716315	mozrunner::runner	INFO	Running command: "C:/Program Files/Mozilla Firefox/firefox.exe" "--marionette" "-foreground" "-no-remote" "-profile" "C:\\Users\\dougl\\AppData\\Local\\Temp\\rust_mozprofilewWjwbL"
1625511720814	Marionette	INFO	Marionette enabled
console.warn: SearchSettings: "get: No settings file exists, new profile?" (new NotFoundError("Could not open the file at C:\\Users\\dougl\\AppData\\Local\\Temp\\rust_mozprofilewWjwbL\\search.json.mozlz4", (void 0)))
1625511725803	Marionette	INFO	Listening on port 57654
1625511725963	Marionette	WARN	TLS certificate errors will be ignored for this session
JavaScript warning: https://web.whatsapp.com/bootstrap_qr.e002978cf4688a3eaf75.js, line 19: unreachable code after return statement
JavaScript warning: https://web.whatsapp.com/bootstrap_qr.e002978cf4688a3eaf75.js, line 19: unreachable code after return statement
1625512170434	Marionette	INFO	Stopped listening on port 57654
5511759956	mozrunner::runner	INFO	Running command: "C:/Program Files/Mozilla Firefox/firefox.exe" "--marionette" "-foreground" "-no-remote" "-profile" "C:\\Users\\dougl\\AppData\\Local\\Temp\\rust_mozprofilekxMCMB"
1625511760605	Marionette	INFO	Marionette enabled
console.warn: SearchSettings: "get: No settings file exists, new profile?" (new NotFoundError("Could not open the file at C:\\Users\\dougl\\AppData\\Local\\Temp\\rust_mozprofilekxMCMB\\search.json.mozlz4", (void 0)))
1625511763152	Marionette	INFO	Listening on port 57720
1625511763630	Marionette	WARN	TLS certificate errors will be ignored for this session
JavaScript warning: https://web.whatsapp.com/bootstrap_qr.e002978cf4688a3eaf75.js, line 19: unreachable code after return statement
JavaScript warning: https://web.whatsapp.com/bootstrap_qr.e002978cf4688a3eaf75.js, line 19: unreachable code after return statement
1625511803265	Marionette	INFO	Stopped listening on port 57720

###!!! [Child][RunMessage] Error: Channel closing: too late to send/recv, messages will be lost

1625512331569	geckodriver	INFO	Listening on 127.0.0.1:51057
1625512334608	mozrunner::runner	INFO	Running command: "C:/Program Files/Mozilla Firefox/firefox.exe" "--marionette" "-foreground" "-no-remote" "-profile" "C:\\Users\\dougl\\AppData\\Local\\Temp\\rust_mozprofiletEWgcA"
1625512335410	Marionette	INFO	Marionette enabled
console.warn: SearchSettings: "get: No settings file exists, new profile?" (new NotFoundError("Could not open the file at C:\\Users\\dougl\\AppData\\Local\\Temp\\rust_mozprofiletEWgcA\\search.json.mozlz4", (void 0)))
1625512338174	Marionette	INFO	Listening on port 51065
1625512338276	Marionette	WARN	TLS certificate errors will be ignored for this session
JavaScript error: resource://gre/modules/AsyncShutdown.jsm, line 575: NotFoundError: No such JSWindowActor 'MarionetteEvents'
JavaScript error: resource://gre/modules/Sqlite.jsm, line 1030: Error: Sqlite.jsm has been shutdown. Cannot open connection to: C:\Users\dougl\AppData\Local\Temp\rust_mozprofiletEWgcA\protections.sqlite
1625512339905	Marionette	INFO	Stopped listening on port 51065
1625512353306	geckodriver	INFO	Listening on 127.0.0.1:51099
1625512356335	mozrunner::runner	INFO	Running command: "C:/Program Files/Mozilla Firefox/firefox.exe" "--marionette" "-foreground" "-no-remote" "-profile" "C:\\Users\\dougl\\AppData\\Local\\Temp\\rust_mozprofilebSiJnZ"
1625512356813	Marionette	INFO	Marionette enabled
console.warn: SearchSettings: "get: No settings file exists, new profile?" (new NotFoundError("Could not open the file at C:\\Users\\dougl\\AppData\\Local\\Temp\\rust_mozprofilebSiJnZ\\search.json.mozlz4", (void 0)))
1625512359885	Marionette	INFO	Listening on port 51107
1625512360021	Marionette	WARN	TLS certificate errors will be ignored for this session
JavaScript warning: https://web.whatsapp.com/bootstrap_qr.e002978cf4688a3eaf75.js, line 19: unreachable code after return statement
JavaScript warning: https://web.whatsapp.com/bootstrap_qr.e002978cf4688a3eaf75.js, line 19: unreachable code after return statement
1625512379662	Marionette	INFO	Stopped listening on port 51107
1625512449642	geckodriver	INFO	Listening on 127.0.0.1:51165
1625512452720	mozrunner::runner	INFO	Running command: "C:/Program Files/Mozilla Firefox/firefox.exe" "--marionette" "-foreground" "-no-remote" "-profile" "C:\\Users\\dougl\\AppData\\Local\\Temp\\rust_mozprofileMPC9I5"
1625512453146	Marionette	INFO	Marionette enabled
console.warn: SearchSettings: "get: No settings file exists, new profile?" (new NotFoundError("Could not open the file at C:\\Users\\dougl\\AppData\\Local\\Temp\\rust_mozprofileMPC9I5\\search.json.mozlz4", (void 0)))
1625512455440	Marionette	INFO	Listening on port 51173
1625512456119	Marionette	INFO	Stopped listening on port 51173
1625512461806	geckodriver	INFO	Listening on 127.0.0.1:51196
1625512464839	mozrunner::runner	INFO	Running command: "C:/Program Files/Mozilla Firefox/firefox.exe" "--marionette" "-foreground" "-no-remote" "-profile" "C:\\Users\\dougl\\AppData\\Local\\Temp\\rust_mozprofile9ZQ5pq"
1625512465292	Marionette	INFO	Marionette enabled
console.warn: SearchSettings: "get: No settings file exists, new profile?" (new NotFoundError("Could not open the file at C:\\Users\\dougl\\AppData\\Local\\Temp\\rust_mozprofile9ZQ5pq\\search.json.mozlz4", (void 0)))
1625512467938	Marionette	INFO	Listening on port 51206
1625512468019	Marionette	WARN	TLS certificate errors will be ignored for this session
console.warn: services.settings: main/whats-new-panel sync interrupted by shutdown
[Parent 36556, IPC I/O Parent] WARNING: file /builds/worker/checkouts/gecko/ipc/chromium/src/base/process_util_win.cc:167
1625512469003	Marionette	INFO	Stopped listening on port 51206
1625512489149	geckodriver	INFO	Listening on 127.0.0.1:51238
1625512492195	mozrunner::runner	INFO	Running command: "C:/Program Files/Mozilla Firefox/firefox.exe" "--marionette" "-foreground" "-no-remote" "-profile" "C:\\Users\\dougl\\AppData\\Local\\Temp\\rust_mozprofileY4NH1l"
1625512492681	Marionette	INFO	Marionette enabled
console.warn: SearchSettings: "get: No settings file exists, new profile?" (new NotFoundError("Could not open the file at C:\\Users\\dougl\\AppData\\Local\\Temp\\rust_mozprofileY4NH1l\\search.json.mozlz4", (void 0)))
1625512495022	Marionette	INFO	Listening on port 51248
1625512495381	Marionette	WARN	TLS certificate errors will be ignored for this session
JavaScript warning: https://web.whatsapp.com/bootstrap_qr.e002978cf4688a3eaf75.js, line 19: unreachable code after return statement
JavaScript warning: https://web.whatsapp.com/bootstrap_qr.e002978cf4688a3eaf75.js, line 19: unreachable code after return statement
JavaScript error: resource://gre/modules/Sqlite.jsm, line 1030: Error: Sqlite.jsm has been shutdown. Cannot open connection to: C:\Users\dougl\AppData\Local\Temp\rust_mozprofileY4NH1l\protections.sqlite
1625512637898	Marionette	INFO	Stopped listening on port 51248
ilebt4K0r"
1625512521189	Marionette	INFO	Marionette enabled
console.warn: SearchSettings: "get: No settings file exists, new profile?" (new NotFoundError("Could not open the file at C:\\Users\\dougl\\AppData\\Local\\Temp\\rust_mozprofilebt4K0r\\search.json.mozlz4", (void 0)))
1625512523775	Marionette	INFO	Listening on port 51307
1625512523983	Marionette	WARN	TLS certificate errors will be ignored for this session
JavaScript warning: https://web.whatsapp.com/bootstrap_qr.e002978cf4688a3eaf75.js, line 19: unreachable code after return statement
JavaScript warning: https://web.whatsapp.com/bootstrap_qr.e002978cf4688a3eaf75.js, line 19: unreachable code after return statement
1625512528546	Marionette	INFO	Stopped listening on port 51307
1625512534392	geckodriver	INFO	Listening on 127.0.0.1:51342
1625512537399	mozrunner::runner	INFO	Running command: "C:/Program Files/Mozilla Firefox/firefox.exe" "--marionette" "-foreground" "-no-remote" "-profile" "C:\\Users\\dougl\\AppData\\Local\\Temp\\rust_mozprofileraXlio"
1625512538304	Marionette	INFO	Marionette enabled
console.warn: SearchSettings: "get: No settings file exists, new profile?" (new NotFoundError("Could not open the file at C:\\Users\\dougl\\AppData\\Local\\Temp\\rust_mozprofileraXlio\\search.json.mozlz4", (void 0)))
1625512541115	Marionette	INFO	Listening on port 51350
console.error: services.settings: 
  main/message-groups Signature failed  TypeError: NetworkError when attempting to fetch resource.
1625512541891	Marionette	INFO	Stopped listening on port 51350

###!!! [Child][RunMessage] Error: Channel closing: too late to send/recv, messages will be lost

1625512570366	geckodriver	INFO	Listening on 127.0.0.1:51379
1625512573413	mozrunner::runner	INFO	Running command: "C:/Program Files/Mozilla Firefox/firefox.exe" "--marionette" "-foreground" "-no-remote" "-profile" "C:\\Users\\dougl\\AppData\\Local\\Temp\\rust_mozprofilefg6FL2"
1625512573767	Marionette	INFO	Marionette enabled
console.warn: SearchSettings: "get: No settings file exists, new profile?" (new NotFoundError("Could not open the file at C:\\Users\\dougl\\AppData\\Local\\Temp\\rust_mozprofilefg6FL2\\search.json.mozlz4", (void 0)))
1625512576720	Marionette	INFO	Listening on port 51387
1625512577104	Marionette	WARN	TLS certificate errors will be ignored for this session
JavaScript warning: https://web.whatsapp.com/bootstrap_qr.e002978cf4688a3eaf75.js, line 19: unreachable code after return statement
JavaScript warning: https://web.whatsapp.com/bootstrap_qr.e002978cf4688a3eaf75.js, line 19: unreachable code after return statement
JavaScript error: resource://gre/modules/Sqlite.jsm, line 1030: Error: Sqlite.jsm has been shutdown. Cannot open connection to: C:\Users\dougl\AppData\Local\Temp\rust_mozprofilefg6FL2\protections.sqlite
1625512639076	Marionette	INFO	Stopped listening on port 51387
1625512642769	geckodriver	INFO	Listening on 127.0.0.1:54747
1625512645845	mozrunner::runner	INFO	Running command: "C:/Program Files/Mozilla Firefox/firefox.exe" "--marionette" "-foreground" "-no-remote" "-profile" "C:\\Users\\dougl\\AppData\\Local\\Temp\\rust_mozprofilezdjpYo"
1625512646785	Marionette	INFO	Marionette enabled
console.warn: SearchSettings: "get: No settings file exists, new profile?" (new NotFoundError("Could not open the file at C:\\Users\\dougl\\AppData\\Local\\Temp\\rust_mozprofilezdjpYo\\search.json.mozlz4", (void 0)))
1625512650676	Marionette	INFO	Listening on port 54531
1625512651183	Marionette	WARN	TLS certificate errors will be ignored for this session
JavaScript warning: https://web.whatsapp.com/bootstrap_qr.e002978cf4688a3eaf75.js, line 19: unreachable code after return statement
JavaScript warning: https://web.whatsapp.com/bootstrap_qr.e002978cf4688a3eaf75.js, line 19: unreachable code after return statement
1625512966362	Marionette	INFO	Stopped listening on port 54531
5512676777	mozrunner::runner	INFO	Running command: "C:/Program Files/Mozilla Firefox/firefox.exe" "--marionette" "-foreground" "-no-remote" "-profile" "C:\\Users\\dougl\\AppData\\Local\\Temp\\rust_mozprofileJxkADX"
1625512677172	Marionette	INFO	Marionette enabled
console.warn: SearchSettings: "get: No settings file exists, new profile?" (new NotFoundError("Could not open the file at C:\\Users\\dougl\\AppData\\Local\\Temp\\rust_mozprofileJxkADX\\search.json.mozlz4", (void 0)))
1625512679528	Marionette	INFO	Listening on port 59564
1625512679949	Marionette	WARN	TLS certificate errors will be ignored for this session
JavaScript warning: https://web.whatsapp.com/bootstrap_qr.e002978cf4688a3eaf75.js, line 19: unreachable code after return statement
JavaScript warning: https://web.whatsapp.com/bootstrap_qr.e002978cf4688a3eaf75.js, line 19: unreachable code after return statement

###!!! [Parent][RunMessage] Error: Channel error: cannot send/recv

JavaScript error: resource://gre/modules/AsyncShutdown.jsm, line 718: Error: Phase "Sqlite.jsm: wait until all connections are closed" is finished, it is too late to register completion condition "protections.sqlite#0: waiting for shutdown"
1625512967056	Marionette	INFO	Stopped listening on port 59564

###!!! [Child][RunMessage] Error: Channel closing: too late to send/recv, messages will be lost

w NotFoundError("Could not open the file at C:\\Users\\dougl\\AppData\\Local\\Temp\\rust_mozprofilegql50v\\search.json.mozlz4", (void 0)))
1625512831664	Marionette	INFO	Listening on port 50103
1625512831798	Marionette	WARN	TLS certificate errors will be ignored for this session
JavaScript warning: https://web.whatsapp.com/bootstrap_qr.e002978cf4688a3eaf75.js, line 19: unreachable code after return statement
JavaScript warning: https://web.whatsapp.com/bootstrap_qr.e002978cf4688a3eaf75.js, line 19: unreachable code after return statement
[Parent 32692, IPC I/O Parent] WARNING: pipe error: 232: file /builds/worker/checkouts/gecko/ipc/chromium/src/chrome/common/ipc_channel_win.cc:544

###!!! [Child][MessageChannel] Error: (msgtype=0xAB0006,name=PWebSocket::Msg_DeleteSelf) Channel closing: too late to send/recv, messages will be lost

1625512960796	Marionette	INFO	Stopped listening on port 50103
settings file exists, new profile?" (new NotFoundError("Could not open the file at C:\\Users\\dougl\\AppData\\Local\\Temp\\rust_mozprofilewfQWbA\\search.json.mozlz4", (void 0)))
1625512859730	Marionette	INFO	Listening on port 50157
1625512859896	Marionette	WARN	TLS certificate errors will be ignored for this session
JavaScript warning: https://web.whatsapp.com/bootstrap_qr.e002978cf4688a3eaf75.js, line 19: unreachable code after return statement
JavaScript warning: https://web.whatsapp.com/bootstrap_qr.e002978cf4688a3eaf75.js, line 19: unreachable code after return statement
[Parent 37792, IPC I/O Parent] WARNING: file /builds/worker/checkouts/gecko/ipc/chromium/src/base/process_util_win.cc:167
1625512967064	Marionette	INFO	Stopped listening on port 50157
1625513002617	geckodriver	INFO	Listening on 127.0.0.1:50233
1625513005662	mozrunner::runner	INFO	Running command: "C:/Program Files/Mozilla Firefox/firefox.exe" "--marionette" "-foreground" "-no-remote" "-profile" "C:\\Users\\dougl\\AppData\\Local\\Temp\\rust_mozprofilepr6UAf"
1625513006145	Marionette	INFO	Marionette enabled
console.warn: SearchSettings: "get: No settings file exists, new profile?" (new NotFoundError("Could not open the file at C:\\Users\\dougl\\AppData\\Local\\Temp\\rust_mozprofilepr6UAf\\search.json.mozlz4", (void 0)))
1625513010144	Marionette	INFO	Listening on port 50241
1625513010460	Marionette	WARN	TLS certificate errors will be ignored for this session
JavaScript warning: https://web.whatsapp.com/bootstrap_qr.e002978cf4688a3eaf75.js, line 19: unreachable code after return statement
JavaScript warning: https://web.whatsapp.com/bootstrap_qr.e002978cf4688a3eaf75.js, line 19: unreachable code after return statement
1625513294044	Marionette	INFO	Stopped listening on port 50241

###!!! [Child][RunMessage] Error: Channel closing: too late to send/recv, messages will be lost

marionette" "-foreground" "-no-remote" "-profile" "C:\\Users\\dougl\\AppData\\Local\\Temp\\rust_mozprofile0c1dpR"
1625513036540	Marionette	INFO	Marionette enabled
console.warn: SearchSettings: "get: No settings file exists, new profile?" (new NotFoundError("Could not open the file at C:\\Users\\dougl\\AppData\\Local\\Temp\\rust_mozprofile0c1dpR\\search.json.mozlz4", (void 0)))
1625513038845	Marionette	INFO	Listening on port 50301
1625513040054	Marionette	WARN	TLS certificate errors will be ignored for this session
JavaScript warning: https://web.whatsapp.com/bootstrap_qr.e002978cf4688a3eaf75.js, line 19: unreachable code after return statement
JavaScript warning: https://web.whatsapp.com/bootstrap_qr.e002978cf4688a3eaf75.js, line 19: unreachable code after return statement
1625513295311	Marionette	INFO	Stopped listening on port 50301

###!!! [Child][RunMessage] Error: Channel closing: too late to send/recv, messages will be lost

1625513310573	geckodriver	INFO	Listening on 127.0.0.1:50371
1625513313637	mozrunner::runner	INFO	Running command: "C:/Program Files/Mozilla Firefox/firefox.exe" "--marionette" "-foreground" "-no-remote" "-profile" "C:\\Users\\dougl\\AppData\\Local\\Temp\\rust_mozprofilefegxow"
1625513314096	Marionette	INFO	Marionette enabled
console.warn: SearchSettings: "get: No settings file exists, new profile?" (new NotFoundError("Could not open the file at C:\\Users\\dougl\\AppData\\Local\\Temp\\rust_mozprofilefegxow\\search.json.mozlz4", (void 0)))
1625513316923	Marionette	INFO	Listening on port 50379
1625513317335	Marionette	WARN	TLS certificate errors will be ignored for this session
JavaScript warning: https://web.whatsapp.com/bootstrap_qr.e002978cf4688a3eaf75.js, line 19: unreachable code after return statement
JavaScript warning: https://web.whatsapp.com/bootstrap_qr.e002978cf4688a3eaf75.js, line 19: unreachable code after return statement

###!!! [Parent][RunMessage] Error: Channel closing: too late to send/recv, messages will be lost

console.log: WebExtensions: reset-default-search: starting.
console.log: WebExtensions: reset-default-search: No addons in our list are installed.
1625514357580	Marionette	INFO	Stopped listening on port 50379
ette enabled
console.warn: SearchSettings: "get: No settings file exists, new profile?" (new NotFoundError("Could not open the file at C:\\Users\\dougl\\AppData\\Local\\Temp\\rust_mozprofiletcuKMk\\search.json.mozlz4", (void 0)))
1625513345200	Marionette	INFO	Listening on port 50441
1625513345344	Marionette	WARN	TLS certificate errors will be ignored for this session
JavaScript warning: https://web.whatsapp.com/bootstrap_qr.e002978cf4688a3eaf75.js, line 19: unreachable code after return statement
JavaScript warning: https://web.whatsapp.com/bootstrap_qr.e002978cf4688a3eaf75.js, line 19: unreachable code after return statement
1625513405636	Marionette	INFO	Stopped listening on port 50441
1625514260097	geckodriver	INFO	Listening on 127.0.0.1:56747
1625514263134	mozrunner::runner	INFO	Running command: "C:/Program Files/Mozilla Firefox/firefox.exe" "--marionette" "-foreground" "-no-remote" "-profile" "C:\\Users\\dougl\\AppData\\Local\\Temp\\rust_mozprofileAqBPEp"
1625514263512	Marionette	INFO	Marionette enabled
console.warn: SearchSettings: "get: No settings file exists, new profile?" (new NotFoundError("Could not open the file at C:\\Users\\dougl\\AppData\\Local\\Temp\\rust_mozprofileAqBPEp\\search.json.mozlz4", (void 0)))
1625514265763	Marionette	INFO	Listening on port 56755
1625514265796	Marionette	WARN	TLS certificate errors will be ignored for this session
JavaScript warning: https://web.whatsapp.com/bootstrap_qr.e002978cf4688a3eaf75.js, line 19: unreachable code after return statement
JavaScript warning: https://web.whatsapp.com/bootstrap_qr.e002978cf4688a3eaf75.js, line 19: unreachable code after return statement

###!!! [Parent][RunMessage] Error: Channel closing: too late to send/recv, messages will be lost

1625514319591	Marionette	INFO	Stopped listening on port 56755
arionette" "-foreground" "-no-remote" "-profile" "C:\\Users\\dougl\\AppData\\Local\\Temp\\rust_mozprofileuiYkE8"
1625514292266	Marionette	INFO	Marionette enabled
console.warn: SearchSettings: "get: No settings file exists, new profile?" (new NotFoundError("Could not open the file at C:\\Users\\dougl\\AppData\\Local\\Temp\\rust_mozprofileuiYkE8\\search.json.mozlz4", (void 0)))
1625514294438	Marionette	INFO	Listening on port 56811
1625514294570	Marionette	WARN	TLS certificate errors will be ignored for this session
JavaScript warning: https://web.whatsapp.com/bootstrap_qr.e002978cf4688a3eaf75.js, line 19: unreachable code after return statement
JavaScript warning: https://web.whatsapp.com/bootstrap_qr.e002978cf4688a3eaf75.js, line 19: unreachable code after return statement
1625514318285	Marionette	INFO	Stopped listening on port 56811
1625514449487	geckodriver	INFO	Listening on 127.0.0.1:56876
1625514452539	mozrunner::runner	INFO	Running command: "C:/Program Files/Mozilla Firefox/firefox.exe" "--marionette" "-foreground" "-no-remote" "-profile" "C:\\Users\\dougl\\AppData\\Local\\Temp\\rust_mozprofiletq7mHU"
1625514452998	Marionette	INFO	Marionette enabled
console.warn: SearchSettings: "get: No settings file exists, new profile?" (new NotFoundError("Could not open the file at C:\\Users\\dougl\\AppData\\Local\\Temp\\rust_mozprofiletq7mHU\\search.json.mozlz4", (void 0)))
1625514455557	Marionette	INFO	Listening on port 56884
1625514455710	Marionette	WARN	TLS certificate errors will be ignored for this session
[Parent 32800, IPC I/O Parent] WARNING: file /builds/worker/checkouts/gecko/ipc/chromium/src/base/process_util_win.cc:167
JavaScript warning: https://web.whatsapp.com/bootstrap_qr.e002978cf4688a3eaf75.js, line 19: unreachable code after return statement
JavaScript warning: https://web.whatsapp.com/bootstrap_qr.e002978cf4688a3eaf75.js, line 19: unreachable code after return statement
1625514516662	Marionette	INFO	Stopped listening on port 56884
5514481036	mozrunner::runner	INFO	Running command: "C:/Program Files/Mozilla Firefox/firefox.exe" "--marionette" "-foreground" "-no-remote" "-profile" "C:\\Users\\dougl\\AppData\\Local\\Temp\\rust_mozprofileRCsv0P"
1625514481419	Marionette	INFO	Marionette enabled
console.warn: SearchSettings: "get: No settings file exists, new profile?" (new NotFoundError("Could not open the file at C:\\Users\\dougl\\AppData\\Local\\Temp\\rust_mozprofileRCsv0P\\search.json.mozlz4", (void 0)))
1625514483559	Marionette	INFO	Listening on port 56941
1625514483687	Marionette	WARN	TLS certificate errors will be ignored for this session
JavaScript warning: https://web.whatsapp.com/bootstrap_qr.e002978cf4688a3eaf75.js, line 19: unreachable code after return statement
JavaScript warning: https://web.whatsapp.com/bootstrap_qr.e002978cf4688a3eaf75.js, line 19: unreachable code after return statement

###!!! [Parent][RunMessage] Error: Channel closing: too late to send/recv, messages will be lost

1625514518434	Marionette	INFO	Stopped listening on port 56941
1625514743531	geckodriver	INFO	Listening on 127.0.0.1:57101
1625514746582	mozrunner::runner	INFO	Running command: "C:/Program Files/Mozilla Firefox/firefox.exe" "--marionette" "-foreground" "-no-remote" "-profile" "C:\\Users\\dougl\\AppData\\Local\\Temp\\rust_mozprofileCfJ0SH"
1625514747039	Marionette	INFO	Marionette enabled
console.warn: SearchSettings: "get: No settings file exists, new profile?" (new NotFoundError("Could not open the file at C:\\Users\\dougl\\AppData\\Local\\Temp\\rust_mozprofileCfJ0SH\\search.json.mozlz4", (void 0)))
1625514749517	Marionette	INFO	Listening on port 57118
1625514749757	Marionette	WARN	TLS certificate errors will be ignored for this session
JavaScript warning: https://web.whatsapp.com/bootstrap_qr.e002978cf4688a3eaf75.js, line 19: unreachable code after return statement
JavaScript warning: https://web.whatsapp.com/bootstrap_qr.e002978cf4688a3eaf75.js, line 19: unreachable code after return statement
console.log: WebExtensions: reset-default-search: starting.
console.log: WebExtensions: reset-default-search: No addons in our list are installed.
1625516594864	Marionette	INFO	Stopped listening on port 57118
" "C:\\Users\\dougl\\AppData\\Local\\Temp\\rust_mozprofilepu4ApA"
1625514775757	Marionette	INFO	Marionette enabled
console.warn: SearchSettings: "get: No settings file exists, new profile?" (new NotFoundError("Could not open the file at C:\\Users\\dougl\\AppData\\Local\\Temp\\rust_mozprofilepu4ApA\\search.json.mozlz4", (void 0)))
1625514778240	Marionette	INFO	Listening on port 57174
1625514778513	Marionette	WARN	TLS certificate errors will be ignored for this session
JavaScript warning: https://web.whatsapp.com/bootstrap_qr.e002978cf4688a3eaf75.js, line 19: unreachable code after return statement
JavaScript warning: https://web.whatsapp.com/bootstrap_qr.e002978cf4688a3eaf75.js, line 19: unreachable code after return statement
console.log: WebExtensions: reset-default-search: starting.
console.log: WebExtensions: reset-default-search: No addons in our list are installed.
JavaScript error: resource://gre/modules/Sqlite.jsm, line 1030: Error: Sqlite.jsm has been shutdown. Cannot open connection to: C:\Users\dougl\AppData\Local\Temp\rust_mozprofilepu4ApA\protections.sqlite
1625516590761	Marionette	INFO	Stopped listening on port 57174

###!!! [Child][RunMessage] Error: Channel closing: too late to send/recv, messages will be lost

ettings file exists, new profile?" (new NotFoundError("Could not open the file at C:\\Users\\dougl\\AppData\\Local\\Temp\\rust_mozprofilewe4cFm\\search.json.mozlz4", (void 0)))
1625516386359	Marionette	INFO	Listening on port 51610
1625516386583	Marionette	WARN	TLS certificate errors will be ignored for this session
JavaScript warning: https://web.whatsapp.com/bootstrap_qr.e002978cf4688a3eaf75.js, line 19: unreachable code after return statement
JavaScript warning: https://web.whatsapp.com/bootstrap_qr.e002978cf4688a3eaf75.js, line 19: unreachable code after return statement
1625516592257	Marionette	INFO	Stopped listening on port 51610

###!!! [Child][RunMessage] Error: Channel closing: too late to send/recv, messages will be lost

marionette" "-foreground" "-no-remote" "-profile" "C:\\Users\\dougl\\AppData\\Local\\Temp\\rust_mozprofileibk493"
1625516542650	Marionette	INFO	Marionette enabled
console.warn: SearchSettings: "get: No settings file exists, new profile?" (new NotFoundError("Could not open the file at C:\\Users\\dougl\\AppData\\Local\\Temp\\rust_mozprofileibk493\\search.json.mozlz4", (void 0)))
1625516545086	Marionette	INFO	Listening on port 51683
1625516545445	Marionette	WARN	TLS certificate errors will be ignored for this session
JavaScript warning: https://web.whatsapp.com/bootstrap_qr.e002978cf4688a3eaf75.js, line 19: unreachable code after return statement
JavaScript warning: https://web.whatsapp.com/bootstrap_qr.e002978cf4688a3eaf75.js, line 19: unreachable code after return statement
JavaScript error: resource://gre/modules/Sqlite.jsm, line 1030: Error: Sqlite.jsm has been shutdown. Cannot open connection to: C:\Users\dougl\AppData\Local\Temp\rust_mozprofileibk493\protections.sqlite
[Parent 37384, IPC I/O Parent] WARNING: file /builds/worker/checkouts/gecko/ipc/chromium/src/base/process_util_win.cc:167
1625516593854	Marionette	INFO	Stopped listening on port 51683
1625516597810	geckodriver	INFO	Listening on 127.0.0.1:51742
1625516600822	mozrunner::runner	INFO	Running command: "C:/Program Files/Mozilla Firefox/firefox.exe" "--marionette" "-foreground" "-no-remote" "-profile" "C:\\Users\\dougl\\AppData\\Local\\Temp\\rust_mozprofilewH7zuX"
1625516602196	Marionette	INFO	Marionette enabled
console.warn: SearchSettings: "get: No settings file exists, new profile?" (new NotFoundError("Could not open the file at C:\\Users\\dougl\\AppData\\Local\\Temp\\rust_mozprofilewH7zuX\\search.json.mozlz4", (void 0)))
1625516605059	Marionette	INFO	Listening on port 51750
1625516605117	Marionette	WARN	TLS certificate errors will be ignored for this session
JavaScript warning: https://web.whatsapp.com/bootstrap_qr.e002978cf4688a3eaf75.js, line 19: unreachable code after return statement
JavaScript warning: https://web.whatsapp.com/bootstrap_qr.e002978cf4688a3eaf75.js, line 19: unreachable code after return statement
JavaScript error: resource://gre/modules/Sqlite.jsm, line 1030: Error: Sqlite.jsm has been shutdown. Cannot open connection to: C:\Users\dougl\AppData\Local\Temp\rust_mozprofilewH7zuX\protections.sqlite
1625516697500	Marionette	INFO	Stopped listening on port 51750
1625516700026	geckodriver	INFO	Listening on 127.0.0.1:51815
1625516703071	mozrunner::runner	INFO	Running command: "C:/Program Files/Mozilla Firefox/firefox.exe" "--marionette" "-foreground" "-no-remote" "-profile" "C:\\Users\\dougl\\AppData\\Local\\Temp\\rust_mozprofileYKxfGK"
1625516703505	Marionette	INFO	Marionette enabled
console.warn: SearchSettings: "get: No settings file exists, new profile?" (new NotFoundError("Could not open the file at C:\\Users\\dougl\\AppData\\Local\\Temp\\rust_mozprofileYKxfGK\\search.json.mozlz4", (void 0)))
1625516706039	Marionette	INFO	Listening on port 51823
1625516706266	Marionette	WARN	TLS certificate errors will be ignored for this session
JavaScript warning: https://web.whatsapp.com/bootstrap_qr.e002978cf4688a3eaf75.js, line 19: unreachable code after return statement
JavaScript warning: https://web.whatsapp.com/bootstrap_qr.e002978cf4688a3eaf75.js, line 19: unreachable code after return statement
JavaScript warning: https://tm.jsuol.com.br/uoltm.js?id=e18hu0, line 1: unreachable code after return statement
JavaScript warning: https://tm.jsuol.com.br/uoltm.js?id=e18hu0, line 1: unreachable code after return statement
JavaScript warning: https://tm.jsuol.com.br/modules/client-purge.js, line 1: unreachable code after return statement
JavaScript warning: https://tm.jsuol.com.br/modules/client-purge.js, line 1: unreachable code after return statement
console.log: WebExtensions: reset-default-search: starting.
console.log: WebExtensions: reset-default-search: No addons in our list are installed.
1625518596577	Marionette	INFO	Stopped listening on port 51823

###!!! [Child][RunMessage] Error: Channel closing: too late to send/recv, messages will be lost

1625522666391	geckodriver	INFO	Listening on 127.0.0.1:56620
1625522669501	mozrunner::runner	INFO	Running command: "C:/Program Files/Mozilla Firefox/firefox.exe" "--marionette" "-foreground" "-no-remote" "-profile" "C:\\Users\\dougl\\AppData\\Local\\Temp\\rust_mozprofileREjvTS"
1625522674690	Marionette	INFO	Marionette enabled
console.warn: SearchSettings: "get: No settings file exists, new profile?" (new NotFoundError("Could not open the file at C:\\Users\\dougl\\AppData\\Local\\Temp\\rust_mozprofileREjvTS\\search.json.mozlz4", (void 0)))
1625522686247	Marionette	INFO	Listening on port 56630
1625522686719	Marionette	WARN	TLS certificate errors will be ignored for this session
JavaScript warning: https://web.whatsapp.com/bootstrap_qr.e002978cf4688a3eaf75.js, line 19: unreachable code after return statement
JavaScript warning: https://web.whatsapp.com/bootstrap_qr.e002978cf4688a3eaf75.js, line 19: unreachable code after return statement
[Parent 36232, IPC I/O Parent] WARNING: file /builds/worker/checkouts/gecko/ipc/chromium/src/base/process_util_win.cc:167

###!!! [Parent][RunMessage] Error: Channel closing: too late to send/recv, messages will be lost


###!!! [Parent][RunMessage] Error: Channel closing: too late to send/recv, messages will be lost

[Parent 36232, IPC I/O Parent] WARNING: file /builds/worker/checkouts/gecko/ipc/chromium/src/base/process_util_win.cc:167
1625522747573	Marionette	INFO	Stopped listening on port 56630
1625522762980	geckodriver	INFO	Listening on 127.0.0.1:64547
1625522766030	mozrunner::runner	INFO	Running command: "C:/Program Files/Mozilla Firefox/firefox.exe" "--marionette" "-foreground" "-no-remote" "-profile" "C:\\Users\\dougl\\AppData\\Local\\Temp\\rust_mozprofilel1d6aY"
1625522766781	Marionette	INFO	Marionette enabled
console.warn: SearchSettings: "get: No settings file exists, new profile?" (new NotFoundError("Could not open the file at C:\\Users\\dougl\\AppData\\Local\\Temp\\rust_mozprofilel1d6aY\\search.json.mozlz4", (void 0)))
1625522769334	Marionette	INFO	Listening on port 64555
1625522769712	Marionette	WARN	TLS certificate errors will be ignored for this session
JavaScript warning: https://web.whatsapp.com/bootstrap_qr.e002978cf4688a3eaf75.js, line 19: unreachable code after return statement
JavaScript warning: https://web.whatsapp.com/bootstrap_qr.e002978cf4688a3eaf75.js, line 19: unreachable code after return statement
