1625846591136	geckodriver	INFO	Listening on 127.0.0.1:53924
1625846603319	mozrunner::runner	INFO	Running command: "C:/Program Files/Mozilla Firefox/firefox.exe" "--marionette" "-foreground" "-no-remote" "-profile" "C:\\Users\\dougl\\AppData\\Local\\Temp\\rust_mozprofileAUHqf7"
1625846604008	Marionette	INFO	Marionette enabled
console.warn: SearchSettings: "get: No settings file exists, new profile?" (new NotFoundError("Could not open the file at C:\\Users\\dougl\\AppData\\Local\\Temp\\rust_mozprofileAUHqf7\\search.json.mozlz4", (void 0)))
1625846607716	Marionette	INFO	Listening on port 53945
1625846608151	Marionette	WARN	TLS certificate errors will be ignored for this session
JavaScript warning: https://web.whatsapp.com/bootstrap_qr.5493d3169ddcc45ad148.js, line 19: unreachable code after return statement
JavaScript warning: https://web.whatsapp.com/bootstrap_qr.5493d3169ddcc45ad148.js, line 19: unreachable code after return statement
Marionette threw an error: NotFoundError: WindowGlobalParent.getActor: No such JSWindowActor 'MarionetteCommands'
getMarionetteCommandsActorProxy/get/<@chrome://marionette/content/actors/MarionetteCommandsParent.jsm:327:69
unregisterCommandsActor@chrome://marionette/content/actors/MarionetteCommandsParent.jsm:390:15
GeckoDriver.prototype.deleteSession@chrome://marionette/content/driver.js:2335:3
onClosed@chrome://marionette/content/server.js:194:17
close@chrome://marionette/content/transport.js:225:18
onInputStreamReady@chrome://marionette/content/transport.js:379:14

1625846622903	Marionette	INFO	Stopped listening on port 53945
1626108406329	geckodriver	INFO	Listening on 127.0.0.1:54237
1626108409415	mozrunner::runner	INFO	Running command: "C:/Program Files/Mozilla Firefox/firefox.exe" "--marionette" "-foreground" "-no-remote" "-profile" "C:\\Users\\dougl\\AppData\\Local\\Temp\\rust_mozprofileDRUo31"
1626108413920	Marionette	INFO	Marionette enabled
console.warn: SearchSettings: "get: No settings file exists, new profile?" (new NotFoundError("Could not open the file at C:\\Users\\dougl\\AppData\\Local\\Temp\\rust_mozprofileDRUo31\\search.json.mozlz4", (void 0)))
1626108427385	Marionette	INFO	Listening on port 54245
1626108427622	Marionette	WARN	TLS certificate errors will be ignored for this session
JavaScript warning: https://web.whatsapp.com/bootstrap_qr.4b9c044a48c9fc5005b0.js, line 19: unreachable code after return statement
JavaScript warning: https://web.whatsapp.com/bootstrap_qr.4b9c044a48c9fc5005b0.js, line 19: unreachable code after return statement
[Parent 12932, IPC I/O Parent] WARNING: file /builds/worker/checkouts/gecko/ipc/chromium/src/base/process_util_win.cc:167
1626108459995	Marionette	INFO	Stopped listening on port 54245
1626201482821	geckodriver	INFO	Listening on 127.0.0.1:56351
1626201486189	mozrunner::runner	INFO	Running command: "C:/Program Files/Mozilla Firefox/firefox.exe" "--marionette" "-foreground" "-no-remote" "-profile" "C:\\Users\\dougl\\AppData\\Local\\Temp\\rust_mozprofilegJSxd9"
1626201493306	Marionette	INFO	Marionette enabled
console.warn: SearchSettings: "get: No settings file exists, new profile?" (new NotFoundError("Could not open the file at C:\\Users\\dougl\\AppData\\Local\\Temp\\rust_mozprofilegJSxd9\\search.json.mozlz4", (void 0)))
JavaScript error: resource://activity-stream/lib/ActivityStreamPrefs.jsm, line 27: NS_ERROR_ILLEGAL_VALUE: Component returned failure code: 0x80070057 (NS_ERROR_ILLEGAL_VALUE) [nsIPrefBranch.removeObserver]
JavaScript error: resource:///modules/CustomizableUI.jsm, line 5366: TypeError: win is null
console.error: Region.jsm: "Error fetching region" (new TypeError("NetworkError when attempting to fetch resource.", ""))
console.error: Region.jsm: "Failed to fetch region" (new Error("NO_RESULT", "resource://gre/modules/Region.jsm", 419))
console.log: "RemoteSettingsWorker error: AbortError: IndexedDB:  execute() A request was aborted, for example through a call to IDBTransaction.abort."
console.error: "Could not load engine google@search.mozilla.org: TypeError: AddonManagerInternal._getProviderByName(...) is undefined"
console.error: "Could not load engine wikipedia@search.mozilla.org: TypeError: AddonManagerInternal._getProviderByName(...) is undefined"
console.error: "Could not load engine mercadolivre@search.mozilla.org: TypeError: AddonManagerInternal._getProviderByName(...) is undefined"
console.error: "Could not load engine bing@search.mozilla.org: TypeError: AddonManagerInternal._getProviderByName(...) is undefined"
console.error: "Could not load engine ddg@search.mozilla.org: TypeError: AddonManagerInternal._getProviderByName(...) is undefined"
console.warn: SearchService: "_init: abandoning init due to shutting down"
JavaScript error: resource://gre/modules/AsyncShutdown.jsm, line 575: uncaught exception: 2147500036
JavaScript error: resource://gre/modules/AsyncShutdown.jsm, line 575: uncaught exception: 2147500036
JavaScript error: resource://gre/modules/AsyncShutdown.jsm, line 575: uncaught exception: 2147500036
JavaScript error: resource://gre/modules/AsyncShutdown.jsm, line 575: uncaught exception: 2147500036
console.error: (new Error("Connection closed before committing the transaction.", "resource://gre/modules/Sqlite.jsm", 687))

###!!! [Child][RunMessage] Error: Channel closing: too late to send/recv, messages will be lost

1626202554826	geckodriver	INFO	Listening on 127.0.0.1:54637
1626202558024	mozrunner::runner	INFO	Running command: "C:/Program Files/Mozilla Firefox/firefox.exe" "--marionette" "-foreground" "-no-remote" "-profile" "C:\\Users\\dougl\\AppData\\Local\\Temp\\rust_mozprofileFtRPPe"
1626202566020	Marionette	INFO	Marionette enabled
console.warn: SearchSettings: "get: No settings file exists, new profile?" (new NotFoundError("Could not open the file at C:\\Users\\dougl\\AppData\\Local\\Temp\\rust_mozprofileFtRPPe\\search.json.mozlz4", (void 0)))
console.error: Region.jsm: "Error fetching region" (new Error("TIMEOUT", "resource://gre/modules/Region.jsm", 772))
console.error: Region.jsm: "Failed to fetch region" (new Error("TIMEOUT", "resource://gre/modules/Region.jsm", 419))
console.error: (new Error("Connection closed before committing the transaction.", "resource://gre/modules/Sqlite.jsm", 687))
1626203224046	geckodriver	INFO	Listening on 127.0.0.1:49304
1626203227131	mozrunner::runner	INFO	Running command: "C:/Program Files/Mozilla Firefox/firefox.exe" "--marionette" "-foreground" "-no-remote" "-profile" "C:\\Users\\dougl\\AppData\\Local\\Temp\\rust_mozprofileihbjUn"
1626203235683	Marionette	INFO	Marionette enabled
console.warn: SearchSettings: "get: No settings file exists, new profile?" (new NotFoundError("Could not open the file at C:\\Users\\dougl\\AppData\\Local\\Temp\\rust_mozprofileihbjUn\\search.json.mozlz4", (void 0)))
console.warn: services.settings: main/message-groups sync interrupted by shutdown
console.warn: services.settings: main/cfr-fxa sync interrupted by shutdown
console.error: Region.jsm: "Error fetching region" (new TypeError("NetworkError when attempting to fetch resource.", ""))
console.error: Region.jsm: "Failed to fetch region" (new Error("NO_RESULT", "resource://gre/modules/Region.jsm", 419))
